<?xml version="1.0" encoding="UTF-8"?>
<testsuite xmlns:xsi="http://www.w3.org/2001/XMLSchema-instance" xsi:noNamespaceSchemaLocation="https://maven.apache.org/surefire/maven-surefire-plugin/xsd/surefire-test-report-3.0.xsd" version="3.0" name="com.emw.demo.DemoApplicationTests" time="2.926" tests="1" errors="0" skipped="0" failures="0">
  <properties>
[...]
</properties>
  <testcase name="contextLoads" classname="com.emw.demo.DemoApplicationTests" time="0.396">
    <system-out><![CDATA[
  .   ____          _            __ _ _
 /\\ / ___'_ __ _ _(_)_ __  __ _ \ \ \ \
( ( )\___ | '_ | '_| | '_ \/ _` | \ \ \ \
 \\/  ___)| |_)| | | | | || (_| |  ) ) ) )
  '  |____| .__|_| |_|_| |_\__, | / / / /
 =========|_|==============|___/=/_/_/_/
 :: Spring Boot ::       (v3.2.0-SNAPSHOT)

2023-07-22T04:56:35.665+02:00  INFO 2906 --- [           main] com.emw.demo.DemoApplicationTests        : Starting DemoApplicationTests using Java 17.0.4.1 with PID 2906 (started by malek in /Users/malek/Downloads/demoMAVEN)
2023-07-22T04:56:35.667+02:00  INFO 2906 --- [           main] com.emw.demo.DemoApplicationTests        : No active profile set, falling back to 1 default profile: "default"
2023-07-22T04:56:36.018+02:00  INFO 2906 --- [           main] o.o.core.config.InitializationService    : Initializing OpenSAML using the Java Services API
2023-07-22T04:56:36.116+02:00  INFO 2906 --- [           main] o.o.xmlsec.algorithm.AlgorithmRegistry   : Algorithm failed runtime support check, will not be usable: http://www.w3.org/2001/04/xmlenc#ripemd160
2023-07-22T04:56:36.118+02:00  INFO 2906 --- [           main] o.o.xmlsec.algorithm.AlgorithmRegistry   : Algorithm failed runtime support check, will not be usable: http://www.w3.org/2001/04/xmldsig-more#hmac-ripemd160
2023-07-22T04:56:36.121+02:00  INFO 2906 --- [           main] o.o.xmlsec.algorithm.AlgorithmRegistry   : Algorithm failed runtime support check, will not be usable: http://www.w3.org/2001/04/xmldsig-more#rsa-ripemd160
2023-07-22T04:56:37.804+02:00  INFO 2906 --- [           main] o.s.s.web.DefaultSecurityFilterChain     : Will secure any request with [org.springframework.security.web.session.DisableEncodeUrlFilter@27a0e6ce, org.springframework.security.web.context.request.async.WebAsyncManagerIntegrationFilter@2b80497f, org.springframework.security.web.context.SecurityContextHolderFilter@6adcf059, org.springframework.security.web.header.HeaderWriterFilter@1450ffa3, org.springframework.web.filter.CorsFilter@6ef4297d, org.springframework.security.saml2.provider.service.web.authentication.logout.Saml2LogoutRequestFilter@3a1a0bc, org.springframework.security.saml2.provider.service.web.authentication.logout.Saml2LogoutResponseFilter@56f84c9b, org.springframework.security.web.csrf.CsrfFilter@1f6f0fe2, org.springframework.security.web.authentication.logout.LogoutFilter@38968752, org.springframework.security.web.authentication.logout.LogoutFilter@2d230cff, org.springframework.security.saml2.provider.service.web.Saml2WebSsoAuthenticationRequestFilter@41404aa2, org.springframework.security.saml2.provider.service.web.Saml2MetadataFilter@4c000cc4, org.springframework.security.saml2.provider.service.web.authentication.Saml2WebSsoAuthenticationFilter@799971ac, org.springframework.security.web.authentication.ui.DefaultLoginPageGeneratingFilter@1fc5c0b2, org.springframework.security.web.authentication.ui.DefaultLogoutPageGeneratingFilter@6c36051c, org.springframework.security.web.savedrequest.RequestCacheAwareFilter@1c31de5d, org.springframework.security.web.servletapi.SecurityContextHolderAwareRequestFilter@7a7f9d45, org.springframework.security.web.authentication.AnonymousAuthenticationFilter@45d46254, org.springframework.security.web.access.ExceptionTranslationFilter@53e4a19e, org.springframework.security.web.access.intercept.AuthorizationFilter@361f26b4]
2023-07-22T04:56:37.912+02:00  INFO 2906 --- [           main] com.emw.demo.DemoApplicationTests        : Started DemoApplicationTests in 2.384 seconds (process running for 2.769)
]]></system-out>
  </testcase>
</testsuite>